0 info it worked if it ends with ok
1 verbose cli [ 'C:\\Program Files\\nodejs\\node.exe',
1 verbose cli   'C:\\Program Files\\nodejs\\node_modules\\npm\\bin\\npm-cli.js',
1 verbose cli   'install',
1 verbose cli   '-g',
1 verbose cli   'node' ]
2 info using npm@3.9.2
3 info using node@v4.4.3
4 silly loadCurrentTree Starting
5 silly install loadCurrentTree
6 silly install readGlobalPackageData
7 silly fetchPackageMetaData node
8 silly fetchNamedPackageData node
9 silly mapToRegistry name node
10 silly mapToRegistry using default registry
11 silly mapToRegistry registry https://registry.npmjs.org/
12 silly mapToRegistry data Result {
12 silly mapToRegistry   raw: 'node',
12 silly mapToRegistry   scope: null,
12 silly mapToRegistry   name: 'node',
12 silly mapToRegistry   rawSpec: '',
12 silly mapToRegistry   spec: 'latest',
12 silly mapToRegistry   type: 'tag' }
13 silly mapToRegistry uri https://registry.npmjs.org/node
14 verbose request uri https://registry.npmjs.org/node
15 verbose request no auth needed
16 info attempt registry request try #1 at 09:49:08
17 verbose request id b2608f19772ea19b
18 http request GET https://registry.npmjs.org/node
19 http 200 https://registry.npmjs.org/node
20 verbose headers { server: 'CouchDB/1.6.1 (Erlang OTP/R16B03)',
20 verbose headers   etag: '"4RB0I162TMBFF7IWMPCBRMD3L"',
20 verbose headers   'content-type': 'application/json',
20 verbose headers   'content-encoding': 'gzip',
20 verbose headers   'cache-control': 'max-age=300',
20 verbose headers   'content-length': '569',
20 verbose headers   'accept-ranges': 'bytes',
20 verbose headers   date: 'Wed, 31 Aug 2016 07:49:16 GMT',
20 verbose headers   via: '1.1 varnish',
20 verbose headers   age: '281',
20 verbose headers   connection: 'keep-alive',
20 verbose headers   'x-served-by': 'cache-bma7033-BMA',
20 verbose headers   'x-cache': 'HIT',
20 verbose headers   'x-cache-hits': '1',
20 verbose headers   'x-timer': 'S1472629756.038916,VS0,VE0',
20 verbose headers   vary: 'Accept-Encoding' }
21 silly get cb [ 200,
21 silly get   { server: 'CouchDB/1.6.1 (Erlang OTP/R16B03)',
21 silly get     etag: '"4RB0I162TMBFF7IWMPCBRMD3L"',
21 silly get     'content-type': 'application/json',
21 silly get     'content-encoding': 'gzip',
21 silly get     'cache-control': 'max-age=300',
21 silly get     'content-length': '569',
21 silly get     'accept-ranges': 'bytes',
21 silly get     date: 'Wed, 31 Aug 2016 07:49:16 GMT',
21 silly get     via: '1.1 varnish',
21 silly get     age: '281',
21 silly get     connection: 'keep-alive',
21 silly get     'x-served-by': 'cache-bma7033-BMA',
21 silly get     'x-cache': 'HIT',
21 silly get     'x-cache-hits': '1',
21 silly get     'x-timer': 'S1472629756.038916,VS0,VE0',
21 silly get     vary: 'Accept-Encoding' } ]
22 verbose get saving node to C:\Users\Andreas\AppData\Roaming\npm-cache\registry.npmjs.org\node\.cache.json
23 verbose correctMkdir C:\Users\Andreas\AppData\Roaming\npm-cache correctMkdir not in flight; initializing
24 silly install normalizeTree
25 silly loadCurrentTree Finishing
26 silly loadIdealTree Starting
27 silly install loadIdealTree
28 silly cloneCurrentTree Starting
29 silly install cloneCurrentTreeToIdealTree
30 silly cloneCurrentTree Finishing
31 silly loadShrinkwrap Starting
32 silly install loadShrinkwrap
33 silly loadShrinkwrap Finishing
34 silly loadAllDepsIntoIdealTree Starting
35 silly install loadAllDepsIntoIdealTree
36 silly resolveWithNewModule node@0.0.0 checking installable status
37 silly cache add args [ 'node', null ]
38 verbose cache add spec node
39 silly cache add parsed spec Result {
39 silly cache add   raw: 'node',
39 silly cache add   scope: null,
39 silly cache add   name: 'node',
39 silly cache add   rawSpec: '',
39 silly cache add   spec: 'latest',
39 silly cache add   type: 'tag' }
40 silly addNamed node@latest
41 verbose addNamed "latest" is being treated as a dist-tag for node
42 info addNameTag [ 'node', 'latest' ]
43 silly mapToRegistry name node
44 silly mapToRegistry using default registry
45 silly mapToRegistry registry https://registry.npmjs.org/
46 silly mapToRegistry data Result {
46 silly mapToRegistry   raw: 'node',
46 silly mapToRegistry   scope: null,
46 silly mapToRegistry   name: 'node',
46 silly mapToRegistry   rawSpec: '',
46 silly mapToRegistry   spec: 'latest',
46 silly mapToRegistry   type: 'tag' }
47 silly mapToRegistry uri https://registry.npmjs.org/node
48 verbose addNameTag registry:https://registry.npmjs.org/node not in flight; fetching
49 verbose get https://registry.npmjs.org/node not expired, no request
50 silly addNameTag next cb for node with tag latest
51 silly addNamed node@0.0.0
52 verbose addNamed "0.0.0" is a plain semver version for node
53 warn deprecated node@0.0.0: To update or install node, go to http://nodejs.org/
54 silly mapToRegistry name node
55 silly mapToRegistry using default registry
56 silly mapToRegistry registry https://registry.npmjs.org/
57 silly mapToRegistry data Result {
57 silly mapToRegistry   raw: 'node',
57 silly mapToRegistry   scope: null,
57 silly mapToRegistry   name: 'node',
57 silly mapToRegistry   rawSpec: '',
57 silly mapToRegistry   spec: 'latest',
57 silly mapToRegistry   type: 'tag' }
58 silly mapToRegistry uri https://registry.npmjs.org/node
59 verbose addRemoteTarball https://registry.npmjs.org/node/-/node-0.0.0.tgz not in flight; adding
60 verbose addRemoteTarball [ 'https://registry.npmjs.org/node/-/node-0.0.0.tgz',
60 verbose addRemoteTarball   '288d62f90530c763eff8d4831ee7343ab3d60793' ]
61 info retry fetch attempt 1 at 09:49:08
62 info attempt registry request try #1 at 09:49:08
63 http fetch GET https://registry.npmjs.org/node/-/node-0.0.0.tgz
64 http fetch 200 https://registry.npmjs.org/node/-/node-0.0.0.tgz
65 silly fetchAndShaCheck shasum 288d62f90530c763eff8d4831ee7343ab3d60793
66 verbose addTmpTarball C:\Users\Andreas\AppData\Local\Temp\npm-13072-eee70394\registry.npmjs.org\node\-\node-0.0.0.tgz not in flight; adding
67 verbose addTmpTarball already have metadata; skipping unpack for node@0.0.0
68 verbose correctMkdir C:\Users\Andreas\AppData\Roaming\npm-cache correctMkdir not in flight; initializing
69 silly cache afterAdd node@0.0.0
70 verbose afterAdd C:\Users\Andreas\AppData\Roaming\npm-cache\node\0.0.0\package\package.json not in flight; writing
71 verbose correctMkdir C:\Users\Andreas\AppData\Roaming\npm-cache correctMkdir not in flight; initializing
72 verbose afterAdd C:\Users\Andreas\AppData\Roaming\npm-cache\node\0.0.0\package\package.json written
73 silly loadAllDepsIntoIdealTree Finishing
74 silly idealTree:prePrune nodejs
74 silly idealTree:prePrune `-- node@0.0.0
75 silly loadIdealTree Finishing
76 silly currentTree nodejs
77 silly idealTree nodejs
77 silly idealTree `-- node@0.0.0
78 silly generateActionsToTake Starting
79 silly install generateActionsToTake
80 silly generateActionsToTake Finishing
81 silly diffTrees action count 1
82 silly diffTrees add node@0.0.0
83 silly decomposeActions action count 8
84 silly decomposeActions fetch node@0.0.0
85 silly decomposeActions extract node@0.0.0
86 silly decomposeActions test node@0.0.0
87 silly decomposeActions preinstall node@0.0.0
88 silly decomposeActions build node@0.0.0
89 silly decomposeActions install node@0.0.0
90 silly decomposeActions postinstall node@0.0.0
91 silly decomposeActions finalize node@0.0.0
92 silly executeActions Starting
93 silly install executeActions
94 silly doSerial global-install 0
95 silly doParallel fetch 1
96 verbose correctMkdir C:\Users\Andreas\AppData\Roaming\npm-cache\_locks correctMkdir not in flight; initializing
97 verbose lock using C:\Users\Andreas\AppData\Roaming\npm-cache\_locks\staging-dfd8fbf9c1feea0f.lock for C:\Program Files\nodejs\node_modules\.staging
98 verbose unlock done using C:\Users\Andreas\AppData\Roaming\npm-cache\_locks\staging-dfd8fbf9c1feea0f.lock for C:\Program Files\nodejs\node_modules\.staging
99 silly rollbackFailedOptional Starting
100 silly rollbackFailedOptional Finishing
101 silly runTopLevelLifecycles Starting
102 silly runTopLevelLifecycles Finishing
103 silly install printInstalled
104 verbose stack Error: EPERM: operation not permitted, mkdir 'C:\Program Files\nodejs\node_modules\.staging'
104 verbose stack     at Error (native)
105 verbose cwd C:\Users\Andreas\Develop\Github\dotnetmentor.github.io
106 error Windows_NT 10.0.10586
107 error argv "C:\\Program Files\\nodejs\\node.exe" "C:\\Program Files\\nodejs\\node_modules\\npm\\bin\\npm-cli.js" "install" "-g" "node"
108 error node v4.4.3
109 error npm  v3.9.2
110 error path C:\Program Files\nodejs\node_modules\.staging
111 error code EPERM
112 error errno -4048
113 error syscall mkdir
114 error Error: EPERM: operation not permitted, mkdir 'C:\Program Files\nodejs\node_modules\.staging'
114 error     at Error (native)
114 error  { [Error: EPERM: operation not permitted, mkdir 'C:\Program Files\nodejs\node_modules\.staging']
114 error   errno: -4048,
114 error   code: 'EPERM',
114 error   syscall: 'mkdir',
114 error   path: 'C:\\Program Files\\nodejs\\node_modules\\.staging' }
115 error Please try running this command again as root/Administrator.
116 verbose exit [ -4048, true ]
